The List of Excluded Files
Excluded files	 Exclusion Message ID	 Reason For Exclusion	 Exclusion Rule
D:/PROGRAMACION/MathLab/Matlab 2015/install/toolbox/ident/nlident/@idnlarx/pem.m	MATLAB:Completion:ExcludedBy	Cannot be packaged for use in the target environment MCR. Removed from the parts list by license Compiler.	
D:/PROGRAMACION/MathLab/Matlab 2015/install/toolbox/ident/nlident/@idnlgrey/pem.m	MATLAB:Completion:ExcludedBy	Cannot be packaged for use in the target environment MCR. Removed from the parts list by license Compiler.	
D:/PROGRAMACION/MathLab/Matlab 2015/install/toolbox/local/+matlab/+internal/+toolboxes/addInstalledToolboxesToPath.m	MATLAB:Completion:ExcludedBy	Cannot be packaged for use in the target environment MCR. Removed from the parts list by license Compiler.	[Dd]:/PROGRAMACION/MathLab/Matlab 2015/install/toolbox/local/[+]matlab/[+]internal/[+]toolboxes/addInstalledToolboxesToPath[.]m
D:/PROGRAMACION/MathLab/Matlab 2015/install/toolbox/local/+matlab/+internal/+zipAddOns/addInstalledZipAddOnsToPath.m	MATLAB:Completion:ExcludedBy	Cannot be packaged for use in the target environment MCR. Removed from the parts list by license Compiler.	[Dd]:/PROGRAMACION/MathLab/Matlab 2015/install/toolbox/local/[+]matlab/[+]internal/[+]zipAddOns/addInstalledZipAddOnsToPath[.]m
D:/PROGRAMACION/MathLab/Matlab 2015/install/toolbox/local/pathdef.m	MATLAB:Completion:ExcludedBy	Cannot be packaged for use in the target environment MCR. Removed from the parts list by license Compiler.	[Dd]:/PROGRAMACION/MathLab/Matlab 2015/install/toolbox/local/pathdef[.]m
D:/PROGRAMACION/MathLab/Matlab 2015/install/toolbox/matlab/codetools/initdesktoputils.m	MATLAB:Completion:ExcludedBy	Cannot be packaged for use in the target environment MCR. Removed from the parts list by license Compiler.	[Dd]:/PROGRAMACION/MathLab/Matlab 2015/install/toolbox/matlab/codetools
D:/PROGRAMACION/MathLab/Matlab 2015/install/toolbox/shared/controllib/engine/+ltipack/@PIDTuningData/PIDTuningData.m	MATLAB:Completion:ExcludedBy	Cannot be packaged for use in the target environment MCR. Removed from the parts list by license Compiler.	
D:/PROGRAMACION/MathLab/Matlab 2015/install/toolbox/shared/controllib/engine/+ltipack/@PIDTuningData/PIDTuningData.p	MATLAB:Completion:ExcludedBy	Cannot be packaged for use in the target environment MCR. Removed from the parts list by license Compiler.	
D:/PROGRAMACION/MathLab/Matlab 2015/install/toolbox/shared/controllib/engine/+ltipack/@PIDTuningData/private/augmentZPK.m	MATLAB:Completion:ExcludedBy	Cannot be packaged for use in the target environment MCR. Removed from the parts list by license Compiler.	
D:/PROGRAMACION/MathLab/Matlab 2015/install/toolbox/shared/controllib/engine/+ltipack/@PIDTuningData/private/augmentZPK.p	MATLAB:Completion:ExcludedBy	Cannot be packaged for use in the target environment MCR. Removed from the parts list by license Compiler.	
D:/PROGRAMACION/MathLab/Matlab 2015/install/toolbox/shared/controllib/engine/+ltipack/@PIDTuningData/private/checkOL.m	MATLAB:Completion:ExcludedBy	Cannot be packaged for use in the target environment MCR. Removed from the parts list by license Compiler.	
D:/PROGRAMACION/MathLab/Matlab 2015/install/toolbox/shared/controllib/engine/+ltipack/@PIDTuningData/private/checkOL.p	MATLAB:Completion:ExcludedBy	Cannot be packaged for use in the target environment MCR. Removed from the parts list by license Compiler.	
D:/PROGRAMACION/MathLab/Matlab 2015/install/toolbox/shared/controllib/engine/+ltipack/@PIDTuningData/private/checkValidPIDSTD.m	MATLAB:Completion:ExcludedBy	Cannot be packaged for use in the target environment MCR. Removed from the parts list by license Compiler.	
D:/PROGRAMACION/MathLab/Matlab 2015/install/toolbox/shared/controllib/engine/+ltipack/@PIDTuningData/private/checkValidPIDSTD.p	MATLAB:Completion:ExcludedBy	Cannot be packaged for use in the target environment MCR. Removed from the parts list by license Compiler.	
D:/PROGRAMACION/MathLab/Matlab 2015/install/toolbox/shared/controllib/engine/+ltipack/@PIDTuningData/private/getF.m	MATLAB:Completion:ExcludedBy	Cannot be packaged for use in the target environment MCR. Removed from the parts list by license Compiler.	
D:/PROGRAMACION/MathLab/Matlab 2015/install/toolbox/shared/controllib/engine/+ltipack/@PIDTuningData/private/getF2.m	MATLAB:Completion:ExcludedBy	Cannot be packaged for use in the target environment MCR. Removed from the parts list by license Compiler.	
D:/PROGRAMACION/MathLab/Matlab 2015/install/toolbox/shared/controllib/engine/+ltipack/@PIDTuningData/private/getOptimalDesign.m	MATLAB:Completion:ExcludedBy	Cannot be packaged for use in the target environment MCR. Removed from the parts list by license Compiler.	
D:/PROGRAMACION/MathLab/Matlab 2015/install/toolbox/shared/controllib/engine/+ltipack/@PIDTuningData/private/getTuningParams.m	MATLAB:Completion:ExcludedBy	Cannot be packaged for use in the target environment MCR. Removed from the parts list by license Compiler.	
D:/PROGRAMACION/MathLab/Matlab 2015/install/toolbox/shared/controllib/engine/+ltipack/@PIDTuningData/private/getTuningParams.p	MATLAB:Completion:ExcludedBy	Cannot be packaged for use in the target environment MCR. Removed from the parts list by license Compiler.	
D:/PROGRAMACION/MathLab/Matlab 2015/install/toolbox/shared/controllib/engine/+ltipack/@PIDTuningData/private/minDeTrend.m	MATLAB:Completion:ExcludedBy	Cannot be packaged for use in the target environment MCR. Removed from the parts list by license Compiler.	
D:/PROGRAMACION/MathLab/Matlab 2015/install/toolbox/shared/controllib/engine/+ltipack/@PIDTuningData/private/optControllerParamrs.m	MATLAB:Completion:ExcludedBy	Cannot be packaged for use in the target environment MCR. Removed from the parts list by license Compiler.	
D:/PROGRAMACION/MathLab/Matlab 2015/install/toolbox/shared/controllib/engine/+ltipack/@PIDTuningData/private/tuneGain.m	MATLAB:Completion:ExcludedBy	Cannot be packaged for use in the target environment MCR. Removed from the parts list by license Compiler.	
D:/PROGRAMACION/MathLab/Matlab 2015/install/toolbox/shared/controllib/engine/+ltipack/@PIDTuningData/private/tuneGain.p	MATLAB:Completion:ExcludedBy	Cannot be packaged for use in the target environment MCR. Removed from the parts list by license Compiler.	
D:/PROGRAMACION/MathLab/Matlab 2015/install/toolbox/shared/controllib/engine/+ltipack/@PIDTuningData/private/tuneWC.m	MATLAB:Completion:ExcludedBy	Cannot be packaged for use in the target environment MCR. Removed from the parts list by license Compiler.	
D:/PROGRAMACION/MathLab/Matlab 2015/install/toolbox/shared/controllib/engine/+ltipack/@PIDTuningData/private/tuneWC.p	MATLAB:Completion:ExcludedBy	Cannot be packaged for use in the target environment MCR. Removed from the parts list by license Compiler.	
D:/PROGRAMACION/MathLab/Matlab 2015/install/toolbox/shared/controllib/engine/+ltipack/@PIDTuningData/private/tuneZ.m	MATLAB:Completion:ExcludedBy	Cannot be packaged for use in the target environment MCR. Removed from the parts list by license Compiler.	
D:/PROGRAMACION/MathLab/Matlab 2015/install/toolbox/shared/controllib/engine/+ltipack/@PIDTuningData/private/tuneZ.p	MATLAB:Completion:ExcludedBy	Cannot be packaged for use in the target environment MCR. Removed from the parts list by license Compiler.	
D:/PROGRAMACION/MathLab/Matlab 2015/install/toolbox/shared/controllib/engine/+ltipack/@PIDTuningData/private/tuneZ2.m	MATLAB:Completion:ExcludedBy	Cannot be packaged for use in the target environment MCR. Removed from the parts list by license Compiler.	
D:/PROGRAMACION/MathLab/Matlab 2015/install/toolbox/shared/controllib/engine/+ltipack/@PIDTuningData/private/tuneZ2.p	MATLAB:Completion:ExcludedBy	Cannot be packaged for use in the target environment MCR. Removed from the parts list by license Compiler.	
D:/PROGRAMACION/MathLab/Matlab 2015/install/toolbox/shared/controllib/engine/+ltipack/@PIDTuningData/private/tuneZ2P.m	MATLAB:Completion:ExcludedBy	Cannot be packaged for use in the target environment MCR. Removed from the parts list by license Compiler.	
D:/PROGRAMACION/MathLab/Matlab 2015/install/toolbox/shared/controllib/engine/+ltipack/@PIDTuningData/private/tuneZ2P.p	MATLAB:Completion:ExcludedBy	Cannot be packaged for use in the target environment MCR. Removed from the parts list by license Compiler.	
D:/PROGRAMACION/MathLab/Matlab 2015/install/toolbox/shared/controllib/engine/+ltipack/@PIDTuningData/private/tuneZP.m	MATLAB:Completion:ExcludedBy	Cannot be packaged for use in the target environment MCR. Removed from the parts list by license Compiler.	
D:/PROGRAMACION/MathLab/Matlab 2015/install/toolbox/shared/controllib/engine/+ltipack/@PIDTuningData/private/tuneZP.p	MATLAB:Completion:ExcludedBy	Cannot be packaged for use in the target environment MCR. Removed from the parts list by license Compiler.	
